Dec 21, 2021 10:37:32 AM root.util.LogManager logElettore
INFO: Elettore RMPLCU00S30E507G log in
Dec 21, 2021 10:42:32 AM root.util.LogManager logElettore
INFO: Elettore RMPLCU00S30E507G log in
Dec 21, 2021 1:12:05 PM root.util.LogManager logScrutinatore
INFO: Scrutinatore rompa@bob.it log in
Dec 21, 2021 1:19:08 PM root.util.LogManager logScrutinatore
INFO: Scrutinatore rompa@bob.it log in
Dec 21, 2021 3:25:58 PM root.util.LogManager logScrutinatore
INFO: Scrutinatore rompa@bob.it log in
Dec 21, 2021 3:39:44 PM root.util.LogManager logScrutinatore
INFO: Scrutinatore rompa@bob.it log in
Dec 22, 2021 4:14:54 PM root.util.LogManager logElettore
INFO: Elettore RMPLCU00S30E507G registrazione
Dec 22, 2021 4:15:14 PM root.util.LogManager logElettore
INFO: Elettore RMPLCU00S30E507G log in
Dec 22, 2021 4:18:48 PM root.util.LogManager logElettore
INFO: Elettore RRRRRR99A04Q000G registrazione
Dec 22, 2021 4:19:33 PM root.util.LogManager logScrutinatore
INFO: Scrutinatore rompa@bob.it log in
Dec 22, 2021 4:21:15 PM root.util.LogManager logScrutinatore
INFO: Scrutinatore rompa@bob.it crea nuova scheda: Test
Dec 22, 2021 4:22:03 PM root.util.LogManager logElettore
INFO: Elettore RMPLCU00S30E507G log in
Dec 22, 2021 4:28:20 PM root.util.LogManager logElettore
INFO: Elettore RMPLCU00S30E507G log in
Dec 22, 2021 4:37:27 PM root.util.LogManager logElettore
INFO: Elettore RMPLCU00S30E507G log in
Dec 22, 2021 4:46:33 PM root.util.LogManager logElettore
INFO: Elettore RMPLCU00S30E507G log in
Dec 22, 2021 4:52:37 PM root.util.LogManager logScrutinatore
INFO: Scrutinatore rompa@bob.it log in
Dec 22, 2021 4:52:40 PM root.util.LogManager logScrutinatore
INFO: Scrutinatore rompa@bob.it log out
Dec 22, 2021 4:52:53 PM root.util.LogManager logElettore
INFO: Elettore RMPLCU00S30E507G log in
Dec 22, 2021 4:53:09 PM root.util.LogManager logElettore
INFO: Elettore RMPLCU00S30E507G log out
Dec 22, 2021 4:55:45 PM root.util.LogManager logElettore
INFO: Elettore RMPLCU00S30E507G log in
Dec 22, 2021 4:55:49 PM root.util.LogManager logElettore
INFO: Elettore RMPLCU00S30E507G log out
Dec 22, 2021 4:56:00 PM root.util.LogManager logScrutinatore
INFO: Scrutinatore rompa@bob.it log in
Dec 22, 2021 4:56:03 PM root.util.LogManager logScrutinatore
INFO: Scrutinatore rompa@bob.it log out
